{
  "stats": {
    "suites": 0,
    "tests": 6,
    "passes": 6,
    "pending": 0,
    "failures": 0,
    "start": "2023-02-25T14:33:20.027Z",
    "end": "2023-02-25T14:33:39.378Z",
    "duration": 19351,
    "testsRegistered": 6,
    "passPercent": 100,
    "pendingPercent": 0,
    "other": 0,
    "hasOther": false,
    "skipped": 0,
    "hasSkipped": false
  },
  "results": [
    {
      "uuid": "0e34f925-f433-4bc5-9507-95a1b6774e94",
      "title": "",
      "fullFile": "cypress/integration/login.ts",
      "file": "cypress/integration/login.ts",
      "beforeHooks": [],
      "afterHooks": [],
      "tests": [
        {
          "title": "Test LOGIN",
          "fullTitle": "Test LOGIN",
          "timedOut": null,
          "duration": 2883,
          "state": "passed",
          "speed": "fast",
          "pass": true,
          "fail": false,
          "pending": false,
          "context": null,
          "code": "loginPage.login(URL, 'standard_user', 'secret_sauce');\nloginPage.assertLogin();",
          "err": {},
          "uuid": "bb39142a-b6f9-4b30-8f45-69b18d1c0f37",
          "parentUUID": "0e34f925-f433-4bc5-9507-95a1b6774e94",
          "isHook": false,
          "skipped": false
        },
        {
          "title": "Test Sauce Demo Invalid Password",
          "fullTitle": "Test Sauce Demo Invalid Password",
          "timedOut": null,
          "duration": 1624,
          "state": "passed",
          "speed": "fast",
          "pass": true,
          "fail": false,
          "pending": false,
          "context": null,
          "code": "loginPage.login(URL, 'standard_user', 'invalidPass');\nloginPage.assertLoginFail();",
          "err": {},
          "uuid": "3f2e0daf-bb12-42c8-bf5e-fbb8cb58bc3a",
          "parentUUID": "0e34f925-f433-4bc5-9507-95a1b6774e94",
          "isHook": false,
          "skipped": false
        },
        {
          "title": "Test Sauce Demo Sauce labs product backpack",
          "fullTitle": "Test Sauce Demo Sauce labs product backpack",
          "timedOut": null,
          "duration": 1504,
          "state": "passed",
          "speed": "fast",
          "pass": true,
          "fail": false,
          "pending": false,
          "context": null,
          "code": "loginPage.login(URL, 'standard_user', 'secret_sauce');\nloginPage.assertLogin();\ndashboardPage.sauceLabsBackpack();",
          "err": {},
          "uuid": "3b124db5-515d-4f67-8c04-dd4080242fa0",
          "parentUUID": "0e34f925-f433-4bc5-9507-95a1b6774e94",
          "isHook": false,
          "skipped": false
        },
        {
          "title": "Test Sauce Demo Invalid username",
          "fullTitle": "Test Sauce Demo Invalid username",
          "timedOut": null,
          "duration": 1274,
          "state": "passed",
          "speed": "fast",
          "pass": true,
          "fail": false,
          "pending": false,
          "context": null,
          "code": "loginPage.login(URL, 'invalid_user', 'secret_sauce');\nloginPage.assertLoginFail();",
          "err": {},
          "uuid": "5aae1c4c-e28f-4efc-8e5f-e592ecee449d",
          "parentUUID": "0e34f925-f433-4bc5-9507-95a1b6774e94",
          "isHook": false,
          "skipped": false
        },
        {
          "title": "Test Sauce Demo Can remove Sauce labs product backpack",
          "fullTitle": "Test Sauce Demo Can remove Sauce labs product backpack",
          "timedOut": null,
          "duration": 5063,
          "state": "passed",
          "speed": "medium",
          "pass": true,
          "fail": false,
          "pending": false,
          "context": null,
          "code": "loginPage.login(URL, 'standard_user', 'secret_sauce');\nloginPage.assertLogin();\ndashboardPage.sauceLabsBackpack();\nremoveprd.clickAddtoCart();\nremoveprd.clickCart();\ncy.wait(1500);\nremoveprd.clickRemoveprd();\ncy.wait(1500);",
          "err": {},
          "uuid": "5967e79f-e6d7-48d3-a2a8-f8fc81aa4bbb",
          "parentUUID": "0e34f925-f433-4bc5-9507-95a1b6774e94",
          "isHook": false,
          "skipped": false
        },
        {
          "title": "Test Sauce Demo Can Checkout Sauce labs product backpack",
          "fullTitle": "Test Sauce Demo Can Checkout Sauce labs product backpack",
          "timedOut": null,
          "duration": 2993,
          "state": "passed",
          "speed": "fast",
          "pass": true,
          "fail": false,
          "pending": false,
          "context": null,
          "code": "loginPage.login(URL, 'standard_user', 'secret_sauce');\nloginPage.assertLogin();\ndashboardPage.sauceLabsBackpack();\ncheckoutprd.clickAddtoCart();\ncheckoutprd.clickCart();\ncheckoutprd.clickCheckout();\ncheckoutprd.inputFirstName('Fisrt Name');\ncheckoutprd.inputLastName('Last Name');\ncheckoutprd.inputPostalCode('98765');\ncheckoutprd.clickContinue();\ncheckoutprd.clickFinish();",
          "err": {},
          "uuid": "d3fba245-7279-4541-9121-072785eadad9",
          "parentUUID": "0e34f925-f433-4bc5-9507-95a1b6774e94",
          "isHook": false,
          "skipped": false
        }
      ],
      "suites": [],
      "passes": [
        "bb39142a-b6f9-4b30-8f45-69b18d1c0f37",
        "3f2e0daf-bb12-42c8-bf5e-fbb8cb58bc3a",
        "3b124db5-515d-4f67-8c04-dd4080242fa0",
        "5aae1c4c-e28f-4efc-8e5f-e592ecee449d",
        "5967e79f-e6d7-48d3-a2a8-f8fc81aa4bbb",
        "d3fba245-7279-4541-9121-072785eadad9"
      ],
      "failures": [],
      "pending": [],
      "skipped": [],
      "duration": 15341,
      "root": true,
      "rootEmpty": false,
      "_timeout": 2000
    }
  ],
  "meta": {
    "mocha": {
      "version": "7.0.1"
    },
    "mochawesome": {
      "options": {
        "quiet": false,
        "reportFilename": "mochawesome",
        "saveHtml": false,
        "saveJson": true,
        "consoleReporter": "spec",
        "useInlineDiffs": false,
        "code": true
      },
      "version": "7.1.3"
    },
    "marge": {
      "options": {
        "chart": true,
        "overwrite": false,
        "html": false,
        "json": true,
        "reportDir": "cypress/reports"
      },
      "version": "6.2.0"
    }
  }
}